<?xml version="1.0" encoding="UTF-8"?>
<testsuite xmlns:xsi="http://www.w3.org/2001/XMLSchema-instance" xsi:noNamespaceSchemaLocation="https://maven.apache.org/surefire/maven-surefire-plugin/xsd/surefire-test-report-3.0.xsd" version="3.0" name="com.example.puntossri.PuntosSriApplicationTests" time="6.912" tests="1" errors="0" skipped="0" failures="0">
  <properties>
[...]
</properties>
  <testcase name="contextLoads" classname="com.example.puntossri.PuntosSriApplicationTests" time="1.027">
    <system-out><![CDATA[07:23:12.961 [main] INFO org.springframework.test.context.support.AnnotationConfigContextLoaderUtils -- Could not detect default configuration classes for test class [com.example.puntossri.PuntosSriApplicationTests]: PuntosSriApplicationTests does not declare any static, non-private, non-final, nested classes annotated with @Configuration.
07:23:13.123 [main] INFO org.springframework.boot.test.context.SpringBootTestContextBootstrapper -- Found @SpringBootConfiguration com.example.puntossri.PuntosSriApplication for test class com.example.puntossri.PuntosSriApplicationTests

  .   ____          _            __ _ _
 /\\ / ___'_ __ _ _(_)_ __  __ _ \ \ \ \
( ( )\___ | '_ | '_| | '_ \/ _` | \ \ \ \
 \\/  ___)| |_)| | | | | || (_| |  ) ) ) )
  '  |____| .__|_| |_|_| |_\__, | / / / /
 =========|_|==============|___/=/_/_/_/
 :: Spring Boot ::                (v3.2.0)

2023-12-04T07:23:15.022-05:00  INFO 21240 --- [           main] c.e.puntossri.PuntosSriApplicationTests  : Starting PuntosSriApplicationTests using Java 17.0.8 with PID 21240 (started by User in C:\Users\User\Desktop\Tarea arquitectura SRI\PuntosSRI)
2023-12-04T07:23:15.024-05:00  INFO 21240 --- [           main] c.e.puntossri.PuntosSriApplicationTests  : No active profile set, falling back to 1 default profile: "default"
2023-12-04T07:23:16.214-05:00  INFO 21240 --- [           main] o.s.cloud.context.scope.GenericScope     : BeanFactory id=9ca945f5-de2f-3856-bcf6-3e5c2ee6ba69
2023-12-04T07:23:18.547-05:00  INFO 21240 --- [           main] o.s.cloud.commons.util.InetUtils         : Cannot determine local hostname
2023-12-04T07:23:18.575-05:00  INFO 21240 --- [           main] c.e.puntossri.PuntosSriApplicationTests  : Started PuntosSriApplicationTests in 5.181 seconds (process running for 6.755)
]]></system-out>
  </testcase>
</testsuite>